2020-11-17 21:58:48,097 newrelic.core.agent INFO     New Relic Python Agent (5.22.1.152)
2020-11-17 21:58:48,098 newrelic.core.agent DEBUG    Monitored application started using the newrelic-admin command with command line of ['/Users/ggonsalez/Documents/development/projects/simple-django-lic/venv/bin/newrelic-admin', 'run-python', '/Users/ggonsalez/Documents/development/projects/simple-django-lic/app/manage.py', 'runserver'].
2020-11-17 21:58:48,098 newrelic.core.agent DEBUG    Creating instance of Python agent in process 66138.
2020-11-17 21:58:48,115 newrelic.core.agent DEBUG    Agent was initialized from: '  File "/Applications/Xcode.app/Contents/Developer/Library/Frameworks/Python3.framework/Versions/3.8/lib/python3.8/threading.py", line 890, in _bootstrap\n    self._bootstrap_inner()\n  File "/Applications/Xcode.app/Contents/Developer/Library/Frameworks/Python3.framework/Versions/3.8/lib/python3.8/threading.py", line 932, in _bootstrap_inner\n    self.run()\n  File "/Applications/Xcode.app/Contents/Developer/Library/Frameworks/Python3.framework/Versions/3.8/lib/python3.8/threading.py", line 870, in run\n    self._target(*self._args, **self._kwargs)\n  File "/Applications/Xcode.app/Contents/Developer/Library/Frameworks/Python3.framework/Versions/3.8/lib/python3.8/socketserver.py", line 650, in process_request_thread\n    self.finish_request(request, client_address)\n  File "/Applications/Xcode.app/Contents/Developer/Library/Frameworks/Python3.framework/Versions/3.8/lib/python3.8/socketserver.py", line 360, in finish_request\n    self.RequestHandlerClass(request, client_address, self)\n  File "/Applications/Xcode.app/Contents/Developer/Library/Frameworks/Python3.framework/Versions/3.8/lib/python3.8/socketserver.py", line 720, in __init__\n    self.handle()\n  File "/Users/ggonsalez/Documents/development/projects/simple-django-lic/venv/lib/python3.8/site-packages/django/core/servers/basehttp.py", line 172, in handle\n    self.handle_one_request()\n  File "/Users/ggonsalez/Documents/development/projects/simple-django-lic/venv/lib/python3.8/site-packages/django/core/servers/basehttp.py", line 197, in handle_one_request\n    handler.run(self.server.get_app())\n  File "/Applications/Xcode.app/Contents/Developer/Library/Frameworks/Python3.framework/Versions/3.8/lib/python3.8/wsgiref/handlers.py", line 137, in run\n    self.result = application(self.environ, self.start_response)\n  File "/Users/ggonsalez/Documents/development/projects/simple-django-lic/venv/lib/python3.8/site-packages/newrelic/api/wsgi_application.py", line 602, in _nr_wsgi_application_wrapper_\n    target_application = application_instance(application)\n  File "/Users/ggonsalez/Documents/development/projects/simple-django-lic/venv/lib/python3.8/site-packages/newrelic/api/application.py", line 152, in application_instance\n    return Application._instance(name)\n  File "/Users/ggonsalez/Documents/development/projects/simple-django-lic/venv/lib/python3.8/site-packages/newrelic/api/application.py", line 41, in _instance\n    agent = newrelic.core.agent.agent_instance()\n  File "/Users/ggonsalez/Documents/development/projects/simple-django-lic/venv/lib/python3.8/site-packages/newrelic/core/agent.py", line 761, in agent_instance\n    return Agent.agent_singleton()\n'
2020-11-17 21:58:48,182 newrelic.core.agent DEBUG    Initializing Python agent.
2020-11-17 21:58:48,182 newrelic.core.agent DEBUG    Registering builtin data sources.
2020-11-17 21:58:48,183 newrelic.core.agent DEBUG    Register data source with agent (<function _CPUUsageDataSource at 0x1038bec10>, None, None, None, {}).
2020-11-17 21:58:48,183 newrelic.core.agent DEBUG    Register data source with agent (<function memory_usage_data_source at 0x1038c3040>, None, None, None, {}).
2020-11-17 21:58:48,183 newrelic.core.agent DEBUG    Register data source with agent (<function thread_utilization_data_source at 0x1038c3430>, None, None, None, {}).
2020-11-17 21:58:48,183 newrelic.core.agent DEBUG    Creating application instance for 'Simple Django (LiC)' in process 66138.
2020-11-17 21:58:48,187 newrelic.core.agent DEBUG    Application was activated from: '  File "/Applications/Xcode.app/Contents/Developer/Library/Frameworks/Python3.framework/Versions/3.8/lib/python3.8/threading.py", line 890, in _bootstrap\n    self._bootstrap_inner()\n  File "/Applications/Xcode.app/Contents/Developer/Library/Frameworks/Python3.framework/Versions/3.8/lib/python3.8/threading.py", line 932, in _bootstrap_inner\n    self.run()\n  File "/Applications/Xcode.app/Contents/Developer/Library/Frameworks/Python3.framework/Versions/3.8/lib/python3.8/threading.py", line 870, in run\n    self._target(*self._args, **self._kwargs)\n  File "/Applications/Xcode.app/Contents/Developer/Library/Frameworks/Python3.framework/Versions/3.8/lib/python3.8/socketserver.py", line 650, in process_request_thread\n    self.finish_request(request, client_address)\n  File "/Applications/Xcode.app/Contents/Developer/Library/Frameworks/Python3.framework/Versions/3.8/lib/python3.8/socketserver.py", line 360, in finish_request\n    self.RequestHandlerClass(request, client_address, self)\n  File "/Applications/Xcode.app/Contents/Developer/Library/Frameworks/Python3.framework/Versions/3.8/lib/python3.8/socketserver.py", line 720, in __init__\n    self.handle()\n  File "/Users/ggonsalez/Documents/development/projects/simple-django-lic/venv/lib/python3.8/site-packages/django/core/servers/basehttp.py", line 172, in handle\n    self.handle_one_request()\n  File "/Users/ggonsalez/Documents/development/projects/simple-django-lic/venv/lib/python3.8/site-packages/django/core/servers/basehttp.py", line 197, in handle_one_request\n    handler.run(self.server.get_app())\n  File "/Applications/Xcode.app/Contents/Developer/Library/Frameworks/Python3.framework/Versions/3.8/lib/python3.8/wsgiref/handlers.py", line 137, in run\n    self.result = application(self.environ, self.start_response)\n  File "/Users/ggonsalez/Documents/development/projects/simple-django-lic/venv/lib/python3.8/site-packages/newrelic/api/wsgi_application.py", line 605, in _nr_wsgi_application_wrapper_\n    transaction = WSGIWebTransaction(target_application, environ)\n  File "/Users/ggonsalez/Documents/development/projects/simple-django-lic/venv/lib/python3.8/site-packages/newrelic/api/web_transaction.py", line 628, in __init__\n    super(WSGIWebTransaction, self).__init__(\n  File "/Users/ggonsalez/Documents/development/projects/simple-django-lic/venv/lib/python3.8/site-packages/newrelic/api/web_transaction.py", line 146, in __init__\n    super(WebTransaction, self).__init__(application, enabled)\n  File "/Users/ggonsalez/Documents/development/projects/simple-django-lic/venv/lib/python3.8/site-packages/newrelic/api/transaction.py", line 294, in __init__\n    application.activate()\n  File "/Users/ggonsalez/Documents/development/projects/simple-django-lic/venv/lib/python3.8/site-packages/newrelic/api/application.py", line 101, in activate\n    self._agent.activate_application(self._name, self._linked, timeout,\n'
2020-11-17 21:58:48,188 newrelic.core.application DEBUG    Initializing application with name 'Simple Django (LiC)' and linked applications of [].
2020-11-17 21:58:48,188 newrelic.core.application DEBUG    Register data source <function _CPUUsageDataSource at 0x1038bec10> against application where application='Simple Django (LiC)', name=None, settings=None and properties={}.
2020-11-17 21:58:48,188 newrelic.samplers.data_sampler DEBUG    Initialising data sampler for {'consumer.name': 'Simple Django (LiC)', 'consumer.vendor': 'New Relic', 'producer.name': 'CPU Usage', 'producer.group': None, 'producer.guid': None, 'producer.version': None}.
2020-11-17 21:58:48,189 newrelic.core.application DEBUG    Register data source <function memory_usage_data_source at 0x1038c3040> against application where application='Simple Django (LiC)', name=None, settings=None and properties={}.
2020-11-17 21:58:48,189 newrelic.samplers.data_sampler DEBUG    Initialising data sampler for {'consumer.name': 'Simple Django (LiC)', 'consumer.vendor': 'New Relic', 'producer.name': 'Memory Usage', 'producer.group': None, 'producer.guid': None, 'producer.version': None}.
2020-11-17 21:58:48,189 newrelic.core.application DEBUG    Register data source <function thread_utilization_data_source at 0x1038c3430> against application where application='Simple Django (LiC)', name=None, settings=None and properties={}.
2020-11-17 21:58:48,190 newrelic.samplers.data_sampler DEBUG    Initialising data sampler for {'consumer.name': 'Simple Django (LiC)', 'consumer.vendor': 'New Relic', 'producer.name': 'Thread Utilization', 'producer.group': None, 'producer.guid': None, 'producer.version': None}.
2020-11-17 21:58:48,195 hello.views  INFO     NR Headers []
2020-11-17 21:58:48,504 newrelic.common.utilization DEBUG    Unable to fetch aws data from 169.254.169.254/2016-09-02/dynamic/instance-identity/document: timeout('timed out')
2020-11-17 21:58:48,506 newrelic.common.utilization DEBUG    Unable to fetch gcp data from metadata.google.internal/computeMetadata/v1/instance/: gaierror(8, 'nodename nor servname provided, or not known')
2020-11-17 21:58:48,558 newrelic.common.utilization DEBUG    Unable to fetch azure data from 169.254.169.254/metadata/instance/compute: timeout('timed out')
2020-11-17 21:58:48,913 newrelic.core.agent_protocol INFO     Reporting to: https://rpm.newrelic.com/accounts/2000576/applications/683999798
2020-11-17 21:58:48,915 newrelic.core.agent DEBUG    Activating agent instance.
2020-11-17 21:58:48,915 newrelic.core.agent DEBUG    Start Python Agent main thread.
2020-11-17 21:58:48,916 newrelic.core.agent DEBUG    Entering harvest loop.
2020-11-17 21:58:48,916 newrelic.core.application DEBUG    Starting data samplers for application 'Simple Django (LiC)'.
2020-11-17 21:58:48,916 newrelic.core.application DEBUG    Starting data sampler for 'CPU Usage' in application 'Simple Django (LiC)'.
2020-11-17 21:58:48,917 newrelic.core.application DEBUG    Starting data sampler for 'Memory Usage' in application 'Simple Django (LiC)'.
2020-11-17 21:58:48,917 newrelic.core.application DEBUG    Starting data sampler for 'Thread Utilization' in application 'Simple Django (LiC)'.
2020-11-17 21:58:49,766 hello.views  INFO     NR Headers [('traceparent', '00-2e0e153ccac83663af3f27db3766549a-c28c3c04b7b0ae97-01'), ('tracestate', '2000576@nr=0-0-2000576-683999798-c28c3c04b7b0ae97-2e0e153ccac83663-1-1.092994-1605650329766'), ('newrelic', 'eyJ2IjpbMCwxXSwiZCI6eyJ0eSI6IkFwcCIsImFjIjoiMjAwMDU3NiIsImFwIjoiNjgzOTk5Nzk4IiwidHIiOiIyZTBlMTUzY2NhYzgzNjYzYWYzZjI3ZGIzNzY2NTQ5YSIsInNhIjp0cnVlLCJwciI6MS4wOTI5OTQsInR4IjoiMmUwZTE1M2NjYWM4MzY2MyIsInRpIjoxNjA1NjUwMzI5NzY2LCJpZCI6ImMyOGMzYzA0YjdiMGFlOTcifX0=')]
2020-11-17 21:58:51,714 hello.views  INFO     NR Headers [('traceparent', '00-2809aee24b67524ac02e42baf458950e-5512ce6ff02ed1cb-01'), ('tracestate', '2000576@nr=0-0-2000576-683999798-5512ce6ff02ed1cb-2809aee24b67524a-1-1.604138-1605650331714'), ('newrelic', 'eyJ2IjpbMCwxXSwiZCI6eyJ0eSI6IkFwcCIsImFjIjoiMjAwMDU3NiIsImFwIjoiNjgzOTk5Nzk4IiwidHIiOiIyODA5YWVlMjRiNjc1MjRhYzAyZTQyYmFmNDU4OTUwZSIsInNhIjp0cnVlLCJwciI6MS42MDQxMzc5OTk5OTk5OTk4LCJ0eCI6IjI4MDlhZWUyNGI2NzUyNGEiLCJ0aSI6MTYwNTY1MDMzMTcxNCwiaWQiOiI1NTEyY2U2ZmYwMmVkMWNiIn19')]
2020-11-17 21:58:53,046 hello.views  INFO     NR Headers [('traceparent', '00-b043be9280984ade0dfe91ffcaea5850-f3954f545baaf21d-01'), ('tracestate', '2000576@nr=0-0-2000576-683999798-f3954f545baaf21d-b043be9280984ade-1-1.947492-1605650333046'), ('newrelic', 'eyJ2IjpbMCwxXSwiZCI6eyJ0eSI6IkFwcCIsImFjIjoiMjAwMDU3NiIsImFwIjoiNjgzOTk5Nzk4IiwidHIiOiJiMDQzYmU5MjgwOTg0YWRlMGRmZTkxZmZjYWVhNTg1MCIsInNhIjp0cnVlLCJwciI6MS45NDc0OTIsInR4IjoiYjA0M2JlOTI4MDk4NGFkZSIsInRpIjoxNjA1NjUwMzMzMDQ2LCJpZCI6ImYzOTU0ZjU0NWJhYWYyMWQifX0=')]
2020-11-17 21:58:53,921 newrelic.core.agent DEBUG    Commencing harvest[flexible] of application data.
2020-11-17 21:58:53,921 newrelic.core.application DEBUG    Snapshotting for harvest[flexible] of 'Simple Django (LiC)'.
2020-11-17 21:58:53,922 newrelic.core.application DEBUG    Sending analytics event data for harvest of 'Simple Django (LiC)'.
2020-11-17 21:58:54,115 newrelic.core.application DEBUG    Completed harvest[flexible] for 'Simple Django (LiC)' in 0.19 seconds.
2020-11-17 21:58:54,118 newrelic.core.agent DEBUG    Completed harvest[flexible] of application data in 0.20 seconds.
2020-11-17 21:58:58,922 newrelic.core.agent DEBUG    Commencing harvest[flexible] of application data.
2020-11-17 21:58:58,922 newrelic.core.application DEBUG    Snapshotting for harvest[flexible] of 'Simple Django (LiC)'.
2020-11-17 21:58:58,923 newrelic.core.application DEBUG    Completed harvest[flexible] for 'Simple Django (LiC)' in 0.00 seconds.
2020-11-17 21:58:58,923 newrelic.core.agent DEBUG    Completed harvest[flexible] of application data in 0.00 seconds.
2020-11-17 21:59:02,926 hello.views  INFO     NR Headers [('traceparent', '00-f934453f4be9c219f611d3ba7ca7eca0-662e088759965fd6-01'), ('tracestate', '2000576@nr=0-0-2000576-683999798-662e088759965fd6-f934453f4be9c219-1-1.881249-1605650342926'), ('newrelic', 'eyJ2IjpbMCwxXSwiZCI6eyJ0eSI6IkFwcCIsImFjIjoiMjAwMDU3NiIsImFwIjoiNjgzOTk5Nzk4IiwidHIiOiJmOTM0NDUzZjRiZTljMjE5ZjYxMWQzYmE3Y2E3ZWNhMCIsInNhIjp0cnVlLCJwciI6MS44ODEyNDksInR4IjoiZjkzNDQ1M2Y0YmU5YzIxOSIsInRpIjoxNjA1NjUwMzQyOTI2LCJpZCI6IjY2MmUwODg3NTk5NjVmZDYifX0=')]
2020-11-17 21:59:03,924 newrelic.core.agent DEBUG    Commencing harvest[flexible] of application data.
2020-11-17 21:59:03,924 newrelic.core.application DEBUG    Snapshotting for harvest[flexible] of 'Simple Django (LiC)'.
2020-11-17 21:59:03,925 newrelic.core.application DEBUG    Sending analytics event data for harvest of 'Simple Django (LiC)'.
2020-11-17 21:59:04,097 newrelic.core.application DEBUG    Completed harvest[flexible] for 'Simple Django (LiC)' in 0.17 seconds.
2020-11-17 21:59:04,100 newrelic.core.agent DEBUG    Completed harvest[flexible] of application data in 0.18 seconds.
2020-11-17 21:59:05,292 hello.views  INFO     NR Headers [('traceparent', '00-2f45b8cbf5825a318305ea571b22292a-7d5ec0f7ced28420-01'), ('tracestate', '2000576@nr=0-0-2000576-683999798-7d5ec0f7ced28420-2f45b8cbf5825a31-1-1.981806-1605650345292'), ('newrelic', 'eyJ2IjpbMCwxXSwiZCI6eyJ0eSI6IkFwcCIsImFjIjoiMjAwMDU3NiIsImFwIjoiNjgzOTk5Nzk4IiwidHIiOiIyZjQ1YjhjYmY1ODI1YTMxODMwNWVhNTcxYjIyMjkyYSIsInNhIjp0cnVlLCJwciI6MS45ODE4MDYsInR4IjoiMmY0NWI4Y2JmNTgyNWEzMSIsInRpIjoxNjA1NjUwMzQ1MjkyLCJpZCI6IjdkNWVjMGY3Y2VkMjg0MjAifX0=')]
2020-11-17 21:59:08,927 newrelic.core.agent DEBUG    Commencing harvest[flexible] of application data.
2020-11-17 21:59:08,928 newrelic.core.application DEBUG    Snapshotting for harvest[flexible] of 'Simple Django (LiC)'.
2020-11-17 21:59:08,929 newrelic.core.application DEBUG    Sending analytics event data for harvest of 'Simple Django (LiC)'.
2020-11-17 21:59:09,081 newrelic.core.application DEBUG    Completed harvest[flexible] for 'Simple Django (LiC)' in 0.15 seconds.
2020-11-17 21:59:09,085 newrelic.core.agent DEBUG    Completed harvest[flexible] of application data in 0.16 seconds.
2020-11-17 21:59:13,931 newrelic.core.agent DEBUG    Commencing harvest[flexible] of application data.
2020-11-17 21:59:13,932 newrelic.core.application DEBUG    Snapshotting for harvest[flexible] of 'Simple Django (LiC)'.
2020-11-17 21:59:13,933 newrelic.core.application DEBUG    Completed harvest[flexible] for 'Simple Django (LiC)' in 0.00 seconds.
2020-11-17 21:59:13,933 newrelic.core.agent DEBUG    Completed harvest[flexible] of application data in 0.00 seconds.
2020-11-17 21:59:18,935 newrelic.core.agent DEBUG    Commencing harvest[flexible] of application data.
2020-11-17 21:59:18,935 newrelic.core.application DEBUG    Snapshotting for harvest[flexible] of 'Simple Django (LiC)'.
2020-11-17 21:59:18,936 newrelic.core.application DEBUG    Completed harvest[flexible] for 'Simple Django (LiC)' in 0.00 seconds.
2020-11-17 21:59:18,936 newrelic.core.agent DEBUG    Completed harvest[flexible] of application data in 0.00 seconds.
2020-11-17 21:59:23,939 newrelic.core.agent DEBUG    Commencing harvest[flexible] of application data.
2020-11-17 21:59:23,940 newrelic.core.application DEBUG    Snapshotting for harvest[flexible] of 'Simple Django (LiC)'.
2020-11-17 21:59:23,940 newrelic.core.application DEBUG    Completed harvest[flexible] for 'Simple Django (LiC)' in 0.00 seconds.
2020-11-17 21:59:23,940 newrelic.core.agent DEBUG    Completed harvest[flexible] of application data in 0.00 seconds.
2020-11-17 21:59:25,173 hello.views  INFO     NR Headers [('traceparent', '00-22f04c9fa1da43057d25d8ccb808c2f0-46841866411a22f9-01'), ('tracestate', '2000576@nr=0-0-2000576-683999798-46841866411a22f9-22f04c9fa1da4305-1-1.613109-1605650365173'), ('newrelic', 'eyJ2IjpbMCwxXSwiZCI6eyJ0eSI6IkFwcCIsImFjIjoiMjAwMDU3NiIsImFwIjoiNjgzOTk5Nzk4IiwidHIiOiIyMmYwNGM5ZmExZGE0MzA1N2QyNWQ4Y2NiODA4YzJmMCIsInNhIjp0cnVlLCJwciI6MS42MTMxMDkwMDAwMDAwMDAxLCJ0eCI6IjIyZjA0YzlmYTFkYTQzMDUiLCJ0aSI6MTYwNTY1MDM2NTE3MywiaWQiOiI0Njg0MTg2NjQxMWEyMmY5In19')]
2020-11-17 21:59:26,350 hello.views  INFO     NR Headers [('traceparent', '00-0c01c530654c49290765955d4fb4333f-44729320d889b63a-01'), ('tracestate', '2000576@nr=0-0-2000576-683999798-44729320d889b63a-0c01c530654c4929-1-1.601742-1605650366350'), ('newrelic', 'eyJ2IjpbMCwxXSwiZCI6eyJ0eSI6IkFwcCIsImFjIjoiMjAwMDU3NiIsImFwIjoiNjgzOTk5Nzk4IiwidHIiOiIwYzAxYzUzMDY1NGM0OTI5MDc2NTk1NWQ0ZmI0MzMzZiIsInNhIjp0cnVlLCJwciI6MS42MDE3NDIsInR4IjoiMGMwMWM1MzA2NTRjNDkyOSIsInRpIjoxNjA1NjUwMzY2MzUwLCJpZCI6IjQ0NzI5MzIwZDg4OWI2M2EifX0=')]
2020-11-17 21:59:28,943 newrelic.core.agent DEBUG    Commencing harvest[flexible] of application data.
2020-11-17 21:59:28,943 newrelic.core.application DEBUG    Snapshotting for harvest[flexible] of 'Simple Django (LiC)'.
2020-11-17 21:59:28,943 newrelic.core.application DEBUG    Sending analytics event data for harvest of 'Simple Django (LiC)'.
2020-11-17 21:59:29,077 newrelic.core.application DEBUG    Completed harvest[flexible] for 'Simple Django (LiC)' in 0.13 seconds.
2020-11-17 21:59:29,081 newrelic.core.agent DEBUG    Completed harvest[flexible] of application data in 0.14 seconds.
2020-11-17 21:59:33,947 newrelic.core.agent DEBUG    Commencing harvest[flexible] of application data.
2020-11-17 21:59:33,947 newrelic.core.application DEBUG    Snapshotting for harvest[flexible] of 'Simple Django (LiC)'.
2020-11-17 21:59:33,948 newrelic.core.application DEBUG    Completed harvest[flexible] for 'Simple Django (LiC)' in 0.00 seconds.
2020-11-17 21:59:33,948 newrelic.core.agent DEBUG    Completed harvest[flexible] of application data in 0.00 seconds.
2020-11-17 21:59:38,951 newrelic.core.agent DEBUG    Commencing harvest[flexible] of application data.
2020-11-17 21:59:38,952 newrelic.core.application DEBUG    Snapshotting for harvest[flexible] of 'Simple Django (LiC)'.
2020-11-17 21:59:38,952 newrelic.core.application DEBUG    Completed harvest[flexible] for 'Simple Django (LiC)' in 0.00 seconds.
2020-11-17 21:59:38,953 newrelic.core.agent DEBUG    Completed harvest[flexible] of application data in 0.00 seconds.
2020-11-17 21:59:39,152 asyncio      DEBUG    Using selector: KqueueSelector
2020-11-17 21:59:39,153 newrelic.core.agent INFO     New Relic Python Agent Shutdown
2020-11-17 21:59:39,153 newrelic.core.agent DEBUG    Commencing final harvest[flexible] of application data.
2020-11-17 21:59:39,153 newrelic.core.application DEBUG    Snapshotting for harvest[flexible] of 'Simple Django (LiC)'.
2020-11-17 21:59:39,153 newrelic.core.application DEBUG    Completed harvest[flexible] for 'Simple Django (LiC)' in 0.00 seconds.
2020-11-17 21:59:39,154 newrelic.core.agent DEBUG    Completed harvest[flexible] of application data in 0.00 seconds.
2020-11-17 21:59:39,154 newrelic.core.agent DEBUG    Commencing final harvest[default] of application data.
2020-11-17 21:59:39,154 newrelic.core.application DEBUG    Snapshotting for harvest[default] of 'Simple Django (LiC)'.
2020-11-17 21:59:39,154 newrelic.core.application DEBUG    Fetching metrics from data sources for harvest of 'Simple Django (LiC)'.
2020-11-17 21:59:39,155 newrelic.core.application DEBUG    Sending span event data for harvest of 'Simple Django (LiC)'.
2020-11-17 21:59:39,384 newrelic.core.application DEBUG    Processing slow SQL data for harvest of 'Simple Django (LiC)'.
2020-11-17 21:59:39,384 newrelic.core.stats_engine DEBUG    Generating slow SQL data.
2020-11-17 21:59:39,384 newrelic.core.stats_engine DEBUG    Generating transaction trace data.
2020-11-17 21:59:39,385 newrelic.core.application DEBUG    Normalizing metrics for harvest of 'Simple Django (LiC)'.
2020-11-17 21:59:39,385 newrelic.core.application DEBUG    Sending metric data for harvest of 'Simple Django (LiC)'.
